SF:lib\core\network\http_service.dart
DA:8,3
DA:13,0
DA:14,0
LF:3
LH:1
end_of_record
SF:lib\core\network\http_service_dio_impl.dart
DA:6,1
DA:10,1
DA:15,2
DA:17,1
DA:21,0
DA:22,0
DA:24,0
LF:7
LH:4
end_of_record
SF:lib\core\network\network_info_internet_connection_checker_impl.dart
DA:11,1
DA:15,1
DA:16,2
LF:3
LH:3
end_of_record
SF:lib\core\storage\local_persistent_storage_shared_preferences_impl.dart
DA:6,1
DA:10,1
DA:12,2
DA:15,1
DA:17,2
LF:5
LH:5
end_of_record
SF:lib\features\posts\data\datasources\post_local_data_source.dart
DA:33,1
DA:37,1
DA:39,2
DA:40,1
DA:41,1
DA:42,4
DA:47,1
DA:49,1
DA:50,2
DA:52,1
DA:53,2
DA:54,1
DA:56,2
DA:57,1
DA:59,1
LF:15
LH:15
end_of_record
SF:lib\features\posts\data\models\post_model.dart
DA:4,7
DA:11,6
DA:12,6
DA:13,6
DA:14,6
DA:15,6
DA:16,6
DA:20,2
DA:21,2
DA:22,2
DA:23,2
DA:24,2
DA:25,2
LF:13
LH:13
end_of_record
SF:lib\features\posts\domain\entities\post_entity.dart
DA:4,7
DA:16,4
DA:17,20
LF:3
LH:3
end_of_record
SF:lib\features\posts\data\datasources\post_remote_data_source.dart
DA:14,1
DA:18,1
DA:20,2
DA:21,1
DA:22,1
DA:24,2
DA:25,1
DA:26,2
DA:29,1
LF:9
LH:9
end_of_record
SF:lib\core\error\failures.dart
DA:6,2
DA:8,1
DA:9,1
LF:3
LH:3
end_of_record
SF:lib\features\posts\data\repositories\post_repository_impl.dart
DA:12,1
DA:22,1
DA:27,2
DA:30,2
DA:31,2
DA:32,1
DA:33,1
DA:34,2
DA:38,2
DA:39,1
DA:40,1
DA:41,2
LF:12
LH:12
end_of_record
SF:lib\features\posts\domain\usecases\get_posts_use_case.dart
DA:9,1
DA:22,1
DA:24,4
DA:29,3
DA:34,0
DA:35,0
LF:6
LH:4
end_of_record
SF:lib\core\error\usecases.dart
DA:19,0
DA:20,0
LF:2
LH:0
end_of_record
SF:lib\features\posts\presentation\bloc\post_event.dart
DA:4,1
DA:6,0
DA:7,0
LF:3
LH:1
end_of_record
SF:lib\features\posts\presentation\bloc\post_bloc.dart
DA:19,1
DA:21,1
DA:22,1
DA:23,1
DA:24,1
DA:30,1
DA:34,2
DA:35,4
DA:36,2
DA:37,1
DA:38,3
DA:43,1
DA:44,1
DA:45,1
DA:46,3
DA:49,1
DA:50,1
DA:55,2
DA:56,3
DA:58,4
DA:59,1
LF:21
LH:21
end_of_record
SF:lib\core\bloc\event_transformers.dart
DA:26,1
DA:27,1
DA:28,3
LF:3
LH:3
end_of_record
SF:lib\features\posts\presentation\pages\post_page.dart
DA:12,0
DA:14,0
DA:16,0
DA:17,0
DA:21,0
DA:22,0
LF:6
LH:0
end_of_record
SF:lib\features\posts\presentation\widgets\__post_list_item.dart
DA:4,0
DA:8,0
DA:10,0
DA:11,0
DA:12,0
DA:13,0
DA:14,0
DA:16,0
LF:8
LH:0
end_of_record
SF:lib\features\posts\presentation\widgets\__post_list.dart
DA:4,1
DA:6,0
DA:7,0
DA:13,0
DA:15,0
DA:16,0
DA:17,0
DA:18,0
DA:21,0
DA:23,0
DA:24,0
DA:27,0
DA:28,0
DA:29,0
DA:33,0
DA:34,0
DA:35,0
DA:36,0
DA:37,0
DA:40,0
DA:42,0
DA:43,0
DA:44,0
DA:45,0
DA:47,0
DA:49,0
DA:50,0
DA:51,0
DA:52,0
DA:53,0
DA:54,0
DA:55,0
DA:56,0
DA:57,0
DA:58,0
DA:60,0
LF:36
LH:1
end_of_record
SF:lib\features\posts\presentation\widgets\__bottom_loader.dart
DA:5,0
DA:7,0
LF:2
LH:0
end_of_record
SF:lib\injection_container.dart
DA:21,0
DA:23,0
DA:24,0
DA:26,0
DA:27,0
DA:30,0
DA:31,0
DA:32,0
DA:33,0
DA:34,0
DA:38,0
DA:39,0
DA:40,0
DA:42,0
DA:43,0
DA:44,0
DA:47,0
DA:48,0
DA:49,0
DA:50,0
DA:51,0
DA:53,0
DA:54,0
DA:58,0
DA:59,0
DA:61,0
DA:62,0
DA:64,0
DA:65,0
DA:67,0
DA:68,0
DA:69,0
DA:70,0
DA:71,0
DA:75,0
DA:77,0
LF:36
LH:0
end_of_record
