SF:lib\core\network\network_info.dart
DA:8,1
DA:12,1
DA:13,2
LF:3
LH:3
end_of_record
SF:lib\core\util\input_converter.dart
DA:9,1
DA:11,1
DA:12,1
DA:13,2
DA:14,1
DA:15,2
LF:6
LH:6
end_of_record
SF:lib\core\error\failures.dart
DA:4,3
DA:6,2
DA:7,2
LF:3
LH:3
end_of_record
SF:lib\features\number_trivia\data\datasources\number_trivia_local_data_source.dart
DA:21,1
DA:25,1
DA:27,2
DA:29,2
DA:33,1
DA:35,2
DA:37,1
DA:38,2
DA:41,1
LF:9
LH:9
end_of_record
SF:lib\features\number_trivia\data\models\number_trivia_model.dart
DA:4,6
DA:7,3
DA:12,3
DA:13,3
DA:14,3
DA:15,6
DA:19,2
DA:20,6
LF:8
LH:8
end_of_record
SF:lib\features\number_trivia\domain\entities\number_trivia.dart
DA:4,9
DA:9,3
DA:10,9
LF:3
LH:3
end_of_record
SF:lib\features\number_trivia\data\datasources\number_trivia_remote_data_source.dart
DA:21,1
DA:25,1
DA:27,2
DA:29,1
DA:31,1
DA:33,1
DA:34,2
DA:35,1
DA:36,1
DA:38,2
DA:39,3
DA:41,1
LF:12
LH:12
end_of_record
SF:lib\features\number_trivia\data\repositories\number_trivia_repository_impl.dart
DA:15,1
DA:25,1
DA:29,1
DA:30,3
DA:34,1
DA:36,4
DA:39,1
DA:42,2
DA:44,1
DA:45,2
DA:46,1
DA:47,1
DA:48,2
DA:52,2
DA:53,1
DA:54,1
DA:55,2
LF:17
LH:17
end_of_record
SF:lib\features\number_trivia\domain\usecases\get_concrete_number_trivia.dart
DA:10,1
DA:14,1
DA:16,3
DA:21,1
DA:25,0
DA:26,0
LF:6
LH:4
end_of_record
SF:lib\core\usecases\usecase.dart
DA:11,0
DA:12,0
LF:2
LH:0
end_of_record
SF:lib\features\number_trivia\domain\usecases\get_random_number_trivia.dart
DA:9,1
DA:13,1
DA:15,2
LF:3
LH:3
end_of_record
SF:lib\features\number_trivia\presentation\bloc\number_trivia_state.dart
DA:4,3
DA:6,1
DA:7,1
DA:15,0
DA:19,0
DA:20,0
DA:24,2
DA:28,1
DA:29,2
LF:9
LH:6
end_of_record
SF:lib\features\number_trivia\presentation\bloc\number_trivia_event.dart
DA:4,1
DA:6,0
DA:7,0
DA:11,1
DA:15,0
DA:16,0
LF:6
LH:2
end_of_record
SF:lib\features\number_trivia\presentation\bloc\number_trivia_bloc.dart
DA:18,1
DA:22,2
DA:23,2
DA:25,3
DA:27,1
DA:28,2
DA:31,1
DA:33,2
DA:43,0
DA:45,0
LF:10
LH:8
end_of_record
